[debug] [2021-06-20T12:15:02.113Z] ----------------------------------------------------------------------
[debug] [2021-06-20T12:15:02.115Z] Command:       C:\Program Files\nodejs\node.exe C:\Users\Urala\AppData\Roaming\npm\node_modules\firebase-tools\lib\bin\firebase.js emulators:start
[debug] [2021-06-20T12:15:02.115Z] CLI Version:   9.13.1
[debug] [2021-06-20T12:15:02.115Z] Platform:      win32
[debug] [2021-06-20T12:15:02.115Z] Node Version:  v14.16.1
[debug] [2021-06-20T12:15:02.116Z] Time:          Sun Jun 20 2021 17:45:02 GMT+0530 (India Standard Time)
[debug] [2021-06-20T12:15:02.116Z] ----------------------------------------------------------------------
[debug] 
[debug] [2021-06-20T12:15:02.125Z] > command requires scopes: ["email","openid","https://www.googleapis.com/auth/cloudplatformprojects.readonly","https://www.googleapis.com/auth/firebase","https://www.googleapis.com/auth/cloud-platform"]
[debug] [2021-06-20T12:15:02.125Z] > authorizing via signed-in user (shrinidhiurala1234@gmail.com)
[info] i  emulators: Starting emulators: functions, hosting {"metadata":{"emulator":{"name":"hub"},"message":"Starting emulators: functions, hosting"}}
[debug] [2021-06-20T12:15:02.158Z] [hub] writing locator at C:\Users\Urala\AppData\Local\Temp\hub-clone-c087c.json
[warn] !  functions: The following emulators are not running, calls to these services from the Functions emulator will affect production: auth, firestore, database, pubsub, storage {"metadata":{"emulator":{"name":"functions"},"message":"The following emulators are not running, calls to these services from the Functions emulator will affect production: \u001b[1mauth, firestore, database, pubsub, storage\u001b[22m"}}
[info] +  functions: Using node@14 from host. {"metadata":{"emulator":{"name":"functions"},"message":"Using node@14 from host."}}
[debug] [2021-06-20T12:15:02.242Z] defaultcredentials: writing to file C:\Users\Urala\AppData\Roaming\firebase\shrinidhiurala1234_gmail_com_application_default_credentials.json
[debug] [2021-06-20T12:15:02.246Z] Setting GAC to C:\Users\Urala\AppData\Roaming\firebase\shrinidhiurala1234_gmail_com_application_default_credentials.json {"metadata":{"emulator":{"name":"functions"},"message":"Setting GAC to C:\\Users\\Urala\\AppData\\Roaming\\firebase\\shrinidhiurala1234_gmail_com_application_default_credentials.json"}}
[debug] [2021-06-20T12:15:02.250Z] > refreshing access token with scopes: []
[debug] [2021-06-20T12:15:02.251Z] >>> HTTP REQUEST POST https://www.googleapis.com/oauth2/v3/token  
 <request body omitted>
[debug] [2021-06-20T12:15:02.411Z] <<< HTTP RESPONSE 200 {"date":"Sun, 20 Jun 2021 12:15:02 GMT","expires":"Mon, 01 Jan 1990 00:00:00 GMT","pragma":"no-cache","cache-control":"no-cache, no-store, max-age=0, must-revalidate","content-type":"application/json; charset=utf-8","vary":"X-Origin, Referer, Origin,Accept-Encoding","server":"scaffolding on HTTPServer2","x-xss-protection":"0","x-frame-options":"SAMEORIGIN","x-content-type-options":"nosniff","alt-svc":"h3=\":443\"; ma=2592000,h3-29=\":443\"; ma=2592000,h3-T051=\":443\"; ma=2592000,h3-Q050=\":443\"; ma=2592000,h3-Q046=\":443\"; ma=2592000,h3-Q043=\":443\"; ma=2592000,quic=\":443\"; ma=2592000; v=\"46,43\"","accept-ranges":"none","transfer-encoding":"chunked"}
[debug] [2021-06-20T12:15:02.434Z] >>> [apiv2][query] GET https://firebase.googleapis.com/v1beta1/projects/clone-c087c/adminSdkConfig [none]
[debug] [2021-06-20T12:15:03.128Z] <<< [apiv2][status] GET https://firebase.googleapis.com/v1beta1/projects/clone-c087c/adminSdkConfig 200
[debug] [2021-06-20T12:15:03.129Z] <<< [apiv2][body] GET https://firebase.googleapis.com/v1beta1/projects/clone-c087c/adminSdkConfig {"projectId":"clone-c087c","storageBucket":"clone-c087c.appspot.com"}
[debug] [2021-06-20T12:15:03.151Z] >>> [apiv2][query] GET https://firebasehosting.googleapis.com/v1beta1/projects/clone-c087c/sites 
[debug] [2021-06-20T12:15:04.773Z] <<< [apiv2][status] GET https://firebasehosting.googleapis.com/v1beta1/projects/clone-c087c/sites 200
[debug] [2021-06-20T12:15:04.773Z] <<< [apiv2][body] GET https://firebasehosting.googleapis.com/v1beta1/projects/clone-c087c/sites {"sites":[{"name":"projects/505627769271/sites/clone-c087c","defaultUrl":"https://clone-c087c.web.app","appId":"1:505627769271:web:714803e9c585bbc0eb9032","type":"DEFAULT_SITE"}]}
[debug] [2021-06-20T12:15:04.773Z] >>> [apiv2][query] GET https://firebase.googleapis.com/v1beta1/projects/clone-c087c/webApps/1:505627769271:web:714803e9c585bbc0eb9032/config [none]
[debug] [2021-06-20T12:15:06.029Z] <<< [apiv2][status] GET https://firebase.googleapis.com/v1beta1/projects/clone-c087c/webApps/1:505627769271:web:714803e9c585bbc0eb9032/config 200
[debug] [2021-06-20T12:15:06.029Z] <<< [apiv2][body] GET https://firebase.googleapis.com/v1beta1/projects/clone-c087c/webApps/1:505627769271:web:714803e9c585bbc0eb9032/config {"projectId":"clone-c087c","appId":"1:505627769271:web:714803e9c585bbc0eb9032","storageBucket":"clone-c087c.appspot.com","apiKey":"AIzaSyA05IAIssuKskfdYMEI_bD-zeZEghPP9So","authDomain":"clone-c087c.firebaseapp.com","messagingSenderId":"505627769271"}
[info] i  hosting: Serving hosting files from: build {"metadata":{"emulator":{"name":"hosting"},"message":"Serving hosting files from: \u001b[1mbuild\u001b[22m"}}
[info] +  hosting: Local server: http://localhost:5000 {"metadata":{"emulator":{"name":"hosting"},"message":"Local server: \u001b[4m\u001b[1mhttp://localhost:5000\u001b[22m\u001b[24m"}}
[debug] [2021-06-20T12:15:06.074Z] Ignoring unsupported arg: auto_download {"metadata":{"emulator":{"name":"ui"},"message":"Ignoring unsupported arg: auto_download"}}
[debug] [2021-06-20T12:15:06.075Z] Ignoring unsupported arg: port {"metadata":{"emulator":{"name":"ui"},"message":"Ignoring unsupported arg: port"}}
[debug] [2021-06-20T12:15:06.075Z] Starting Emulator UI with command {"binary":"node","args":["C:\\Users\\Urala\\.cache\\firebase\\emulators\\ui-v1.5.0\\server.bundle.js"],"optionalArgs":[],"joinArgs":false} {"metadata":{"emulator":{"name":"ui"},"message":"Starting Emulator UI with command {\"binary\":\"node\",\"args\":[\"C:\\\\Users\\\\Urala\\\\.cache\\\\firebase\\\\emulators\\\\ui-v1.5.0\\\\server.bundle.js\"],\"optionalArgs\":[],\"joinArgs\":false}"}}
[info] i  ui: Emulator UI logging to ui-debug.log {"metadata":{"emulator":{"name":"ui"},"message":"Emulator UI logging to \u001b[1mui-debug.log\u001b[22m"}}
[debug] [2021-06-20T12:15:06.227Z] Web / API server started at http://localhost:4000
 {"metadata":{"emulator":{"name":"ui"},"message":"Web / API server started at http://localhost:4000\n"}}
[info] i  functions: Watching "C:\Users\Urala\Desktop\CS\React\amazon-clone\functions" for Cloud Functions... {"metadata":{"emulator":{"name":"functions"},"message":"Watching \"C:\\Users\\Urala\\Desktop\\CS\\React\\amazon-clone\\functions\" for Cloud Functions..."}}
[debug] [2021-06-20T12:15:06.361Z] [worker-pool] addWorker(~diagnostic~) {"metadata":{"emulator":{"name":"functions"},"message":"[worker-pool] addWorker(~diagnostic~)"}}
[debug] [2021-06-20T12:15:06.361Z] [worker-pool] Adding worker with key ~diagnostic~, total=1 {"metadata":{"emulator":{"name":"functions"},"message":"[worker-pool] Adding worker with key ~diagnostic~, total=1"}}
[debug] [2021-06-20T12:15:06.361Z] [worker-pool] submitWork(triggerId=) {"metadata":{"emulator":{"name":"functions"},"message":"[worker-pool] submitWork(triggerId=)"}}
[debug] [2021-06-20T12:15:06.362Z] [worker-~diagnostic~-d81b150f-3051-49c4-853d-881bfb4f638c]: Assigning socketPath: \\?\pipe\C:\Users\Urala\Desktop\CS\React\amazon-clone\functions\12816 {"metadata":{"emulator":{"name":"functions"},"message":"[worker-~diagnostic~-d81b150f-3051-49c4-853d-881bfb4f638c]: Assigning socketPath: \\\\?\\pipe\\C:\\Users\\Urala\\Desktop\\CS\\React\\amazon-clone\\functions\\12816"}}
[debug] [2021-06-20T12:15:06.363Z] [worker-~diagnostic~-d81b150f-3051-49c4-853d-881bfb4f638c]: BUSY {"metadata":{"emulator":{"name":"functions"},"message":"[worker-~diagnostic~-d81b150f-3051-49c4-853d-881bfb4f638c]: BUSY"}}
[debug] [2021-06-20T12:15:06.657Z] [runtime-status] [12816] Functions runtime initialized. {"cwd":"C:\\Users\\Urala\\Desktop\\CS\\React\\amazon-clone\\functions","node_version":"14.16.1"} {"metadata":{"emulator":{"name":"functions"},"message":"[runtime-status] [12816] Functions runtime initialized. {\"cwd\":\"C:\\\\Users\\\\Urala\\\\Desktop\\\\CS\\\\React\\\\amazon-clone\\\\functions\",\"node_version\":\"14.16.1\"}"}}
[debug] [2021-06-20T12:15:06.659Z] [runtime-status] [12816] Disabled runtime features: undefined {"metadata":{"emulator":{"name":"functions"},"message":"[runtime-status] [12816] Disabled runtime features: undefined"}}
[debug] [2021-06-20T12:15:06.662Z] [runtime-status] [12816] Resolved module firebase-admin {"declared":true,"installed":true,"version":"9.9.0","resolution":"C:\\Users\\Urala\\Desktop\\CS\\React\\amazon-clone\\functions\\node_modules\\firebase-admin\\lib\\index.js"} {"metadata":{"emulator":{"name":"functions"},"message":"[runtime-status] [12816] Resolved module firebase-admin {\"declared\":true,\"installed\":true,\"version\":\"9.9.0\",\"resolution\":\"C:\\\\Users\\\\Urala\\\\Desktop\\\\CS\\\\React\\\\amazon-clone\\\\functions\\\\node_modules\\\\firebase-admin\\\\lib\\\\index.js\"}"}}
[debug] [2021-06-20T12:15:06.663Z] [runtime-status] [12816] Resolved module firebase-functions {"declared":true,"installed":true,"version":"3.14.1","resolution":"C:\\Users\\Urala\\Desktop\\CS\\React\\amazon-clone\\functions\\node_modules\\firebase-functions\\lib\\index.js"} {"metadata":{"emulator":{"name":"functions"},"message":"[runtime-status] [12816] Resolved module firebase-functions {\"declared\":true,\"installed\":true,\"version\":\"3.14.1\",\"resolution\":\"C:\\\\Users\\\\Urala\\\\Desktop\\\\CS\\\\React\\\\amazon-clone\\\\functions\\\\node_modules\\\\firebase-functions\\\\lib\\\\index.js\"}"}}
[debug] [2021-06-20T12:15:06.665Z] [runtime-status] [12816] Resolved module firebase-functions {"declared":true,"installed":true,"version":"3.14.1","resolution":"C:\\Users\\Urala\\Desktop\\CS\\React\\amazon-clone\\functions\\node_modules\\firebase-functions\\lib\\index.js"} {"metadata":{"emulator":{"name":"functions"},"message":"[runtime-status] [12816] Resolved module firebase-functions {\"declared\":true,\"installed\":true,\"version\":\"3.14.1\",\"resolution\":\"C:\\\\Users\\\\Urala\\\\Desktop\\\\CS\\\\React\\\\amazon-clone\\\\functions\\\\node_modules\\\\firebase-functions\\\\lib\\\\index.js\"}"}}
[debug] [2021-06-20T12:15:06.666Z] [runtime-status] [12816] Outgoing network have been stubbed. [{"name":"http","status":"mocked"},{"name":"http","status":"mocked"},{"name":"https","status":"mocked"},{"name":"https","status":"mocked"},{"name":"net","status":"mocked"}] {"metadata":{"emulator":{"name":"functions"},"message":"[runtime-status] [12816] Outgoing network have been stubbed. [{\"name\":\"http\",\"status\":\"mocked\"},{\"name\":\"http\",\"status\":\"mocked\"},{\"name\":\"https\",\"status\":\"mocked\"},{\"name\":\"https\",\"status\":\"mocked\"},{\"name\":\"net\",\"status\":\"mocked\"}]"}}
[debug] [2021-06-20T12:15:06.667Z] [runtime-status] [12816] Resolved module firebase-functions {"declared":true,"installed":true,"version":"3.14.1","resolution":"C:\\Users\\Urala\\Desktop\\CS\\React\\amazon-clone\\functions\\node_modules\\firebase-functions\\lib\\index.js"} {"metadata":{"emulator":{"name":"functions"},"message":"[runtime-status] [12816] Resolved module firebase-functions {\"declared\":true,\"installed\":true,\"version\":\"3.14.1\",\"resolution\":\"C:\\\\Users\\\\Urala\\\\Desktop\\\\CS\\\\React\\\\amazon-clone\\\\functions\\\\node_modules\\\\firebase-functions\\\\lib\\\\index.js\"}"}}
[debug] [2021-06-20T12:15:06.726Z] [runtime-status] [12816] Checked functions.config() {"config":{}} {"metadata":{"emulator":{"name":"functions"},"message":"[runtime-status] [12816] Checked functions.config() {\"config\":{}}"}}
[debug] [2021-06-20T12:15:06.727Z] [runtime-status] [12816] firebase-functions has been stubbed. {"functionsResolution":{"declared":true,"installed":true,"version":"3.14.1","resolution":"C:\\Users\\Urala\\Desktop\\CS\\React\\amazon-clone\\functions\\node_modules\\firebase-functions\\lib\\index.js"}} {"metadata":{"emulator":{"name":"functions"},"message":"[runtime-status] [12816] firebase-functions has been stubbed. {\"functionsResolution\":{\"declared\":true,\"installed\":true,\"version\":\"3.14.1\",\"resolution\":\"C:\\\\Users\\\\Urala\\\\Desktop\\\\CS\\\\React\\\\amazon-clone\\\\functions\\\\node_modules\\\\firebase-functions\\\\lib\\\\index.js\"}}"}}
[debug] [2021-06-20T12:15:06.727Z] [runtime-status] [12816] Resolved module firebase-functions {"declared":true,"installed":true,"version":"3.14.1","resolution":"C:\\Users\\Urala\\Desktop\\CS\\React\\amazon-clone\\functions\\node_modules\\firebase-functions\\lib\\index.js"} {"metadata":{"emulator":{"name":"functions"},"message":"[runtime-status] [12816] Resolved module firebase-functions {\"declared\":true,\"installed\":true,\"version\":\"3.14.1\",\"resolution\":\"C:\\\\Users\\\\Urala\\\\Desktop\\\\CS\\\\React\\\\amazon-clone\\\\functions\\\\node_modules\\\\firebase-functions\\\\lib\\\\index.js\"}"}}
[debug] [2021-06-20T12:15:06.728Z] [runtime-status] [12816] Resolved module firebase-admin {"declared":true,"installed":true,"version":"9.9.0","resolution":"C:\\Users\\Urala\\Desktop\\CS\\React\\amazon-clone\\functions\\node_modules\\firebase-admin\\lib\\index.js"} {"metadata":{"emulator":{"name":"functions"},"message":"[runtime-status] [12816] Resolved module firebase-admin {\"declared\":true,\"installed\":true,\"version\":\"9.9.0\",\"resolution\":\"C:\\\\Users\\\\Urala\\\\Desktop\\\\CS\\\\React\\\\amazon-clone\\\\functions\\\\node_modules\\\\firebase-admin\\\\lib\\\\index.js\"}"}}
[debug] [2021-06-20T12:15:06.729Z] [runtime-status] [12816] Resolved module firebase-functions {"declared":true,"installed":true,"version":"3.14.1","resolution":"C:\\Users\\Urala\\Desktop\\CS\\React\\amazon-clone\\functions\\node_modules\\firebase-functions\\lib\\index.js"} {"metadata":{"emulator":{"name":"functions"},"message":"[runtime-status] [12816] Resolved module firebase-functions {\"declared\":true,\"installed\":true,\"version\":\"3.14.1\",\"resolution\":\"C:\\\\Users\\\\Urala\\\\Desktop\\\\CS\\\\React\\\\amazon-clone\\\\functions\\\\node_modules\\\\firebase-functions\\\\lib\\\\index.js\"}"}}
[debug] [2021-06-20T12:15:06.729Z] [runtime-status] [12816] firebase-admin has been stubbed. {"adminResolution":{"declared":true,"installed":true,"version":"9.9.0","resolution":"C:\\Users\\Urala\\Desktop\\CS\\React\\amazon-clone\\functions\\node_modules\\firebase-admin\\lib\\index.js"}} {"metadata":{"emulator":{"name":"functions"},"message":"[runtime-status] [12816] firebase-admin has been stubbed. {\"adminResolution\":{\"declared\":true,\"installed\":true,\"version\":\"9.9.0\",\"resolution\":\"C:\\\\Users\\\\Urala\\\\Desktop\\\\CS\\\\React\\\\amazon-clone\\\\functions\\\\node_modules\\\\firebase-admin\\\\lib\\\\index.js\"}}"}}
[info] +  functions[us-central1-api]: http function initialized (http://localhost:5001/clone-c087c/us-central1/api). {"metadata":{"emulator":{"name":"functions"},"message":"\u001b[1mhttp\u001b[22m function initialized (http://localhost:5001/clone-c087c/us-central1/api)."}}
[info] 
┌─────────────────────────────────────────────────────────────┐
│ ✔  All emulators ready! It is now safe to connect your app. │
│ i  View Emulator UI at http://localhost:4000                │
└─────────────────────────────────────────────────────────────┘

┌───────────┬────────────────┬─────────────────────────────────┐
│ Emulator  │ Host:Port      │ View in Emulator UI             │
├───────────┼────────────────┼─────────────────────────────────┤
│ Functions │ localhost:5001 │ http://localhost:4000/functions │
├───────────┼────────────────┼─────────────────────────────────┤
│ Hosting   │ localhost:5000 │ n/a                             │
└───────────┴────────────────┴─────────────────────────────────┘
  Emulator Hub running at localhost:4400
  Other reserved ports: 4500

Issues? Report them at https://github.com/firebase/firebase-tools/issues and attach the *-debug.log files.
 
[debug] [2021-06-20T12:15:07.053Z] [worker-~diagnostic~-d81b150f-3051-49c4-853d-881bfb4f638c]: IDLE {"metadata":{"emulator":{"name":"functions"},"message":"[worker-~diagnostic~-d81b150f-3051-49c4-853d-881bfb4f638c]: IDLE"}}
[debug] [2021-06-20T12:16:16.270Z] [work-queue] {"queueLength":1,"workRunningCount":0}
[debug] [2021-06-20T12:16:16.270Z] [work-queue] {"queueLength":0,"workRunningCount":1}
[debug] [2021-06-20T12:16:16.270Z] Accepted request GET /clone-c087c/us-central1/api/payments/create?total=20000 --> us-central1-api
[debug] [2021-06-20T12:16:16.276Z] [worker-pool] addWorker(us-central1-api) {"metadata":{"emulator":{"name":"functions"},"message":"[worker-pool] addWorker(us-central1-api)"}}
[debug] [2021-06-20T12:16:16.277Z] [worker-pool] Adding worker with key us-central1-api, total=1 {"metadata":{"emulator":{"name":"functions"},"message":"[worker-pool] Adding worker with key us-central1-api, total=1"}}
[debug] [2021-06-20T12:16:16.277Z] [worker-pool] submitWork(triggerId=us-central1-api) {"metadata":{"emulator":{"name":"functions"},"message":"[worker-pool] submitWork(triggerId=us-central1-api)"}}
[debug] [2021-06-20T12:16:16.277Z] [worker-us-central1-api-a061379f-f2d4-45de-92ba-df82fb2e7f1a]: Assigning socketPath: \\?\pipe\C:\Users\Urala\Desktop\CS\React\amazon-clone\functions\13932 {"metadata":{"emulator":{"name":"functions"},"message":"[worker-us-central1-api-a061379f-f2d4-45de-92ba-df82fb2e7f1a]: Assigning socketPath: \\\\?\\pipe\\C:\\Users\\Urala\\Desktop\\CS\\React\\amazon-clone\\functions\\13932"}}
[debug] [2021-06-20T12:16:16.277Z] [worker-us-central1-api-a061379f-f2d4-45de-92ba-df82fb2e7f1a]: BUSY {"metadata":{"emulator":{"name":"functions"},"message":"[worker-us-central1-api-a061379f-f2d4-45de-92ba-df82fb2e7f1a]: BUSY"}}
[debug] [2021-06-20T12:16:16.500Z] [runtime-status] [13932] Functions runtime initialized. {"cwd":"C:\\Users\\Urala\\Desktop\\CS\\React\\amazon-clone\\functions","node_version":"14.16.1"} {"metadata":{"emulator":{"name":"functions"},"function":{"name":"us-central1-api"},"message":"[runtime-status] [13932] Functions runtime initialized. {\"cwd\":\"C:\\\\Users\\\\Urala\\\\Desktop\\\\CS\\\\React\\\\amazon-clone\\\\functions\",\"node_version\":\"14.16.1\"}"}}
[debug] [2021-06-20T12:16:16.503Z] [runtime-status] [13932] Disabled runtime features: undefined {"metadata":{"emulator":{"name":"functions"},"function":{"name":"us-central1-api"},"message":"[runtime-status] [13932] Disabled runtime features: undefined"}}
[debug] [2021-06-20T12:16:16.506Z] [runtime-status] [13932] Resolved module firebase-admin {"declared":true,"installed":true,"version":"9.9.0","resolution":"C:\\Users\\Urala\\Desktop\\CS\\React\\amazon-clone\\functions\\node_modules\\firebase-admin\\lib\\index.js"} {"metadata":{"emulator":{"name":"functions"},"function":{"name":"us-central1-api"},"message":"[runtime-status] [13932] Resolved module firebase-admin {\"declared\":true,\"installed\":true,\"version\":\"9.9.0\",\"resolution\":\"C:\\\\Users\\\\Urala\\\\Desktop\\\\CS\\\\React\\\\amazon-clone\\\\functions\\\\node_modules\\\\firebase-admin\\\\lib\\\\index.js\"}"}}
[debug] [2021-06-20T12:16:16.508Z] [runtime-status] [13932] Resolved module firebase-functions {"declared":true,"installed":true,"version":"3.14.1","resolution":"C:\\Users\\Urala\\Desktop\\CS\\React\\amazon-clone\\functions\\node_modules\\firebase-functions\\lib\\index.js"} {"metadata":{"emulator":{"name":"functions"},"function":{"name":"us-central1-api"},"message":"[runtime-status] [13932] Resolved module firebase-functions {\"declared\":true,\"installed\":true,\"version\":\"3.14.1\",\"resolution\":\"C:\\\\Users\\\\Urala\\\\Desktop\\\\CS\\\\React\\\\amazon-clone\\\\functions\\\\node_modules\\\\firebase-functions\\\\lib\\\\index.js\"}"}}
[debug] [2021-06-20T12:16:16.509Z] [runtime-status] [13932] Resolved module firebase-functions {"declared":true,"installed":true,"version":"3.14.1","resolution":"C:\\Users\\Urala\\Desktop\\CS\\React\\amazon-clone\\functions\\node_modules\\firebase-functions\\lib\\index.js"} {"metadata":{"emulator":{"name":"functions"},"function":{"name":"us-central1-api"},"message":"[runtime-status] [13932] Resolved module firebase-functions {\"declared\":true,\"installed\":true,\"version\":\"3.14.1\",\"resolution\":\"C:\\\\Users\\\\Urala\\\\Desktop\\\\CS\\\\React\\\\amazon-clone\\\\functions\\\\node_modules\\\\firebase-functions\\\\lib\\\\index.js\"}"}}
[debug] [2021-06-20T12:16:16.511Z] [runtime-status] [13932] Outgoing network have been stubbed. [{"name":"http","status":"mocked"},{"name":"http","status":"mocked"},{"name":"https","status":"mocked"},{"name":"https","status":"mocked"},{"name":"net","status":"mocked"}] {"metadata":{"emulator":{"name":"functions"},"function":{"name":"us-central1-api"},"message":"[runtime-status] [13932] Outgoing network have been stubbed. [{\"name\":\"http\",\"status\":\"mocked\"},{\"name\":\"http\",\"status\":\"mocked\"},{\"name\":\"https\",\"status\":\"mocked\"},{\"name\":\"https\",\"status\":\"mocked\"},{\"name\":\"net\",\"status\":\"mocked\"}]"}}
[debug] [2021-06-20T12:16:16.512Z] [runtime-status] [13932] Resolved module firebase-functions {"declared":true,"installed":true,"version":"3.14.1","resolution":"C:\\Users\\Urala\\Desktop\\CS\\React\\amazon-clone\\functions\\node_modules\\firebase-functions\\lib\\index.js"} {"metadata":{"emulator":{"name":"functions"},"function":{"name":"us-central1-api"},"message":"[runtime-status] [13932] Resolved module firebase-functions {\"declared\":true,\"installed\":true,\"version\":\"3.14.1\",\"resolution\":\"C:\\\\Users\\\\Urala\\\\Desktop\\\\CS\\\\React\\\\amazon-clone\\\\functions\\\\node_modules\\\\firebase-functions\\\\lib\\\\index.js\"}"}}
[debug] [2021-06-20T12:16:16.564Z] [runtime-status] [13932] Checked functions.config() {"config":{}} {"metadata":{"emulator":{"name":"functions"},"function":{"name":"us-central1-api"},"message":"[runtime-status] [13932] Checked functions.config() {\"config\":{}}"}}
[debug] [2021-06-20T12:16:16.564Z] [runtime-status] [13932] firebase-functions has been stubbed. {"functionsResolution":{"declared":true,"installed":true,"version":"3.14.1","resolution":"C:\\Users\\Urala\\Desktop\\CS\\React\\amazon-clone\\functions\\node_modules\\firebase-functions\\lib\\index.js"}} {"metadata":{"emulator":{"name":"functions"},"function":{"name":"us-central1-api"},"message":"[runtime-status] [13932] firebase-functions has been stubbed. {\"functionsResolution\":{\"declared\":true,\"installed\":true,\"version\":\"3.14.1\",\"resolution\":\"C:\\\\Users\\\\Urala\\\\Desktop\\\\CS\\\\React\\\\amazon-clone\\\\functions\\\\node_modules\\\\firebase-functions\\\\lib\\\\index.js\"}}"}}
[debug] [2021-06-20T12:16:16.565Z] [runtime-status] [13932] Resolved module firebase-functions {"declared":true,"installed":true,"version":"3.14.1","resolution":"C:\\Users\\Urala\\Desktop\\CS\\React\\amazon-clone\\functions\\node_modules\\firebase-functions\\lib\\index.js"} {"metadata":{"emulator":{"name":"functions"},"function":{"name":"us-central1-api"},"message":"[runtime-status] [13932] Resolved module firebase-functions {\"declared\":true,\"installed\":true,\"version\":\"3.14.1\",\"resolution\":\"C:\\\\Users\\\\Urala\\\\Desktop\\\\CS\\\\React\\\\amazon-clone\\\\functions\\\\node_modules\\\\firebase-functions\\\\lib\\\\index.js\"}"}}
[debug] [2021-06-20T12:16:16.567Z] [runtime-status] [13932] Resolved module firebase-admin {"declared":true,"installed":true,"version":"9.9.0","resolution":"C:\\Users\\Urala\\Desktop\\CS\\React\\amazon-clone\\functions\\node_modules\\firebase-admin\\lib\\index.js"} {"metadata":{"emulator":{"name":"functions"},"function":{"name":"us-central1-api"},"message":"[runtime-status] [13932] Resolved module firebase-admin {\"declared\":true,\"installed\":true,\"version\":\"9.9.0\",\"resolution\":\"C:\\\\Users\\\\Urala\\\\Desktop\\\\CS\\\\React\\\\amazon-clone\\\\functions\\\\node_modules\\\\firebase-admin\\\\lib\\\\index.js\"}"}}
[debug] [2021-06-20T12:16:16.568Z] [runtime-status] [13932] Resolved module firebase-functions {"declared":true,"installed":true,"version":"3.14.1","resolution":"C:\\Users\\Urala\\Desktop\\CS\\React\\amazon-clone\\functions\\node_modules\\firebase-functions\\lib\\index.js"} {"metadata":{"emulator":{"name":"functions"},"function":{"name":"us-central1-api"},"message":"[runtime-status] [13932] Resolved module firebase-functions {\"declared\":true,\"installed\":true,\"version\":\"3.14.1\",\"resolution\":\"C:\\\\Users\\\\Urala\\\\Desktop\\\\CS\\\\React\\\\amazon-clone\\\\functions\\\\node_modules\\\\firebase-functions\\\\lib\\\\index.js\"}"}}
[debug] [2021-06-20T12:16:16.569Z] [runtime-status] [13932] firebase-admin has been stubbed. {"adminResolution":{"declared":true,"installed":true,"version":"9.9.0","resolution":"C:\\Users\\Urala\\Desktop\\CS\\React\\amazon-clone\\functions\\node_modules\\firebase-admin\\lib\\index.js"}} {"metadata":{"emulator":{"name":"functions"},"function":{"name":"us-central1-api"},"message":"[runtime-status] [13932] firebase-admin has been stubbed. {\"adminResolution\":{\"declared\":true,\"installed\":true,\"version\":\"9.9.0\",\"resolution\":\"C:\\\\Users\\\\Urala\\\\Desktop\\\\CS\\\\React\\\\amazon-clone\\\\functions\\\\node_modules\\\\firebase-admin\\\\lib\\\\index.js\"}}"}}
[debug] [2021-06-20T12:16:16.770Z] [runtime-status] [13932] Trigger "us-central1-api" has been found, beginning invocation! {"metadata":{"emulator":{"name":"functions"},"function":{"name":"us-central1-api"},"message":"[runtime-status] [13932] Trigger \"us-central1-api\" has been found, beginning invocation!"}}
[info] i  functions: Beginning execution of "us-central1-api" {"metadata":{"emulator":{"name":"functions"},"function":{"name":"us-central1-api"},"message":"Beginning execution of \"us-central1-api\""}}
[debug] [2021-06-20T12:16:16.771Z] [runtime-status] [13932] triggerDefinition {"httpsTrigger":{},"name":"api","entryPoint":"api","regions":["us-central1"],"region":"us-central1","id":"us-central1-api"} {"metadata":{"emulator":{"name":"functions"},"function":{"name":"us-central1-api"},"message":"[runtime-status] [13932] triggerDefinition {\"httpsTrigger\":{},\"name\":\"api\",\"entryPoint\":\"api\",\"regions\":[\"us-central1\"],\"region\":\"us-central1\",\"id\":\"us-central1-api\"}"}}
[debug] [2021-06-20T12:16:16.771Z] [runtime-status] [13932] Running us-central1-api in mode HTTPS {"metadata":{"emulator":{"name":"functions"},"function":{"name":"us-central1-api"},"message":"[runtime-status] [13932] Running us-central1-api in mode HTTPS"}}
[debug] [2021-06-20T12:16:16.775Z] [runtime-status] [13932] Attempting to listen to socketPath: \\?\pipe\C:\Users\Urala\Desktop\CS\React\amazon-clone\functions\13932 {"metadata":{"emulator":{"name":"functions"},"function":{"name":"us-central1-api"},"message":"[runtime-status] [13932] Attempting to listen to socketPath: \\\\?\\pipe\\C:\\Users\\Urala\\Desktop\\CS\\React\\amazon-clone\\functions\\13932"}}
[debug] [2021-06-20T12:16:16.780Z] [functions] Runtime ready! Sending request! {"metadata":{"emulator":{"name":"functions"},"message":"[functions] Runtime ready! Sending request!"}}
[debug] [2021-06-20T12:16:16.780Z] [functions] Got req.url=/clone-c087c/us-central1/api/payments/create?total=20000, mapping to path=/payments/create?total=20000 {"metadata":{"emulator":{"name":"functions"},"message":"[functions] Got req.url=/clone-c087c/us-central1/api/payments/create?total=20000, mapping to path=/payments/create?total=20000"}}
[debug] [2021-06-20T12:16:16.794Z] [runtime-status] [13932] Ephemeral server handling GET request {"metadata":{"emulator":{"name":"functions"},"function":{"name":"us-central1-api"},"message":"[runtime-status] [13932] Ephemeral server handling GET request"}}
[debug] [2021-06-20T12:16:16.803Z] [runtime-status] [13932] Ephemeral server survived. {"metadata":{"emulator":{"name":"functions"},"function":{"name":"us-central1-api"},"message":"[runtime-status] [13932] Ephemeral server survived."}}
[info] i  functions: Finished "us-central1-api" in ~1s {"metadata":{"emulator":{"name":"functions"},"function":{"name":"us-central1-api"},"message":"Finished \"us-central1-api\" in ~1s"}}
[debug] [2021-06-20T12:16:16.806Z] [worker-us-central1-api-a061379f-f2d4-45de-92ba-df82fb2e7f1a]: IDLE {"metadata":{"emulator":{"name":"functions"},"message":"[worker-us-central1-api-a061379f-f2d4-45de-92ba-df82fb2e7f1a]: IDLE"}}
[debug] [2021-06-20T12:16:16.806Z] [work-queue] {"queueLength":0,"workRunningCount":0}
[debug] [2021-06-20T12:16:32.537Z] [work-queue] {"queueLength":1,"workRunningCount":0}
[debug] [2021-06-20T12:16:32.537Z] [work-queue] {"queueLength":0,"workRunningCount":1}
[debug] [2021-06-20T12:16:32.537Z] Accepted request GET /clone-c087c/us-central1/api --> us-central1-api
[debug] [2021-06-20T12:16:32.538Z] [worker-pool] submitWork(triggerId=us-central1-api) {"metadata":{"emulator":{"name":"functions"},"message":"[worker-pool] submitWork(triggerId=us-central1-api)"}}
[debug] [2021-06-20T12:16:32.538Z] [worker-us-central1-api-a061379f-f2d4-45de-92ba-df82fb2e7f1a]: Assigning socketPath: \\?\pipe\C:\Users\Urala\Desktop\CS\React\amazon-clone\functions\13932 {"metadata":{"emulator":{"name":"functions"},"message":"[worker-us-central1-api-a061379f-f2d4-45de-92ba-df82fb2e7f1a]: Assigning socketPath: \\\\?\\pipe\\C:\\Users\\Urala\\Desktop\\CS\\React\\amazon-clone\\functions\\13932"}}
[debug] [2021-06-20T12:16:32.539Z] [worker-us-central1-api-a061379f-f2d4-45de-92ba-df82fb2e7f1a]: BUSY {"metadata":{"emulator":{"name":"functions"},"message":"[worker-us-central1-api-a061379f-f2d4-45de-92ba-df82fb2e7f1a]: BUSY"}}
[debug] [2021-06-20T12:16:32.540Z] [runtime-status] [13932] Trigger "us-central1-api" has been found, beginning invocation! {"metadata":{"emulator":{"name":"functions"},"function":{"name":"us-central1-api"},"message":"[runtime-status] [13932] Trigger \"us-central1-api\" has been found, beginning invocation!"}}
[info] i  functions: Beginning execution of "us-central1-api" {"metadata":{"emulator":{"name":"functions"},"function":{"name":"us-central1-api"},"message":"Beginning execution of \"us-central1-api\""}}
[debug] [2021-06-20T12:16:32.542Z] [runtime-status] [13932] triggerDefinition {"httpsTrigger":{},"name":"api","entryPoint":"api","regions":["us-central1"],"region":"us-central1","id":"us-central1-api"} {"metadata":{"emulator":{"name":"functions"},"function":{"name":"us-central1-api"},"message":"[runtime-status] [13932] triggerDefinition {\"httpsTrigger\":{},\"name\":\"api\",\"entryPoint\":\"api\",\"regions\":[\"us-central1\"],\"region\":\"us-central1\",\"id\":\"us-central1-api\"}"}}
[debug] [2021-06-20T12:16:32.543Z] [runtime-status] [13932] Running us-central1-api in mode HTTPS {"metadata":{"emulator":{"name":"functions"},"function":{"name":"us-central1-api"},"message":"[runtime-status] [13932] Running us-central1-api in mode HTTPS"}}
[debug] [2021-06-20T12:16:32.544Z] [runtime-status] [13932] Attempting to listen to socketPath: \\?\pipe\C:\Users\Urala\Desktop\CS\React\amazon-clone\functions\13932 {"metadata":{"emulator":{"name":"functions"},"function":{"name":"us-central1-api"},"message":"[runtime-status] [13932] Attempting to listen to socketPath: \\\\?\\pipe\\C:\\Users\\Urala\\Desktop\\CS\\React\\amazon-clone\\functions\\13932"}}
[debug] [2021-06-20T12:16:32.544Z] [functions] Runtime ready! Sending request! {"metadata":{"emulator":{"name":"functions"},"message":"[functions] Runtime ready! Sending request!"}}
[debug] [2021-06-20T12:16:32.545Z] [functions] Got req.url=/clone-c087c/us-central1/api, mapping to path=/ {"metadata":{"emulator":{"name":"functions"},"message":"[functions] Got req.url=/clone-c087c/us-central1/api, mapping to path=/"}}
[debug] [2021-06-20T12:16:32.550Z] [runtime-status] [13932] Ephemeral server handling GET request {"metadata":{"emulator":{"name":"functions"},"function":{"name":"us-central1-api"},"message":"[runtime-status] [13932] Ephemeral server handling GET request"}}
[debug] [2021-06-20T12:16:32.555Z] [runtime-status] [13932] Ephemeral server survived. {"metadata":{"emulator":{"name":"functions"},"function":{"name":"us-central1-api"},"message":"[runtime-status] [13932] Ephemeral server survived."}}
[info] i  functions: Finished "us-central1-api" in ~1s {"metadata":{"emulator":{"name":"functions"},"function":{"name":"us-central1-api"},"message":"Finished \"us-central1-api\" in ~1s"}}
[debug] [2021-06-20T12:16:32.558Z] [worker-us-central1-api-a061379f-f2d4-45de-92ba-df82fb2e7f1a]: IDLE {"metadata":{"emulator":{"name":"functions"},"message":"[worker-us-central1-api-a061379f-f2d4-45de-92ba-df82fb2e7f1a]: IDLE"}}
[debug] [2021-06-20T12:16:32.558Z] [work-queue] {"queueLength":0,"workRunningCount":0}
[debug] [2021-06-20T12:16:32.634Z] Functions emulator received unknown request at path /favicon.ico
[debug] [2021-06-21T02:07:35.350Z] Received signal SIGHUP 1
